<?xml version="1.0" encoding="UTF-8"?>
<testng-results ignored="0" total="2" passed="2" failed="0" skipped="0">
  <reporter-output>
  </reporter-output>
  <suite started-at="2022-08-10T08:21:47 IST" name="Suite" finished-at="2022-08-10T08:22:11 IST" duration-ms="23958">
    <groups>
    </groups>
    <test started-at="2022-08-10T08:21:47 IST" name="Test1" finished-at="2022-08-10T08:21:55 IST" duration-ms="7845">
      <class name="CrossBrowser_Testing.TestCrossbRwsr">
        <test-method signature="crossbrwsrTest(java.lang.String)[pri:0, instance:CrossBrowser_Testing.TestCrossbRwsr@702b8b12]" started-at="2022-08-10T08:21:47 IST" name="crossbrwsrTest" finished-at="2022-08-10T08:21:55 IST" duration-ms="7786" status="PASS">
          <params>
            <param index="0">
              <value>
                <![CDATA[Chrome]]>
              </value>
            </param>
          </params>
          <reporter-output>
          </reporter-output>
        </test-method> <!-- crossbrwsrTest -->
      </class> <!-- CrossBrowser_Testing.TestCrossbRwsr -->
    </test> <!-- Test1 -->
    <test started-at="2022-08-10T08:21:55 IST" name="Test2" finished-at="2022-08-10T08:22:11 IST" duration-ms="16094">
      <class name="CrossBrowser_Testing.TestCrossbRwsr">
        <test-method signature="crossbrwsrTest(java.lang.String)[pri:0, instance:CrossBrowser_Testing.TestCrossbRwsr@4738a206]" started-at="2022-08-10T08:21:55 IST" name="crossbrwsrTest" finished-at="2022-08-10T08:22:11 IST" duration-ms="16090" status="PASS">
          <params>
            <param index="0">
              <value>
                <![CDATA[Edge]]>
              </value>
            </param>
          </params>
          <reporter-output>
          </reporter-output>
        </test-method> <!-- crossbrwsrTest -->
      </class> <!-- CrossBrowser_Testing.TestCrossbRwsr -->
    </test> <!-- Test2 -->
  </suite> <!-- Suite -->
</testng-results>
